Build started 10/2/2013 00:00:43.
     1>Project "c:\Users\ora\documents\visual studio 2012\Projects\GraphicsTools\GraphicsTools\GraphicsTools.vcxproj" on node 2 (Build target(s)).
     1>ClCompile:
         C:\Program Files (x86)\Microsoft Visual Studio 11.0\VC\bin\CL.exe /c /ZI /nologo /W3 /WX- /sdl /Od /Oy- /D WIN32 /D _DEBUG /D _CONSOLE /D _UNICODE /D UNICODE /Gm /EHsc /RTC1 /MDd /GS /fp:precise /Zc:wchar_t /Zc:forScope /Yu"stdafx.h" /Fp"Debug\GraphicsTools.pch" /Fo"Debug\\" /Fd"Debug\vc110.pdb" /Gd /TP /analyze- /errorReport:prompt MatrixMakers.cpp
         MatrixMakers.cpp
     1>c:\users\ora\documents\visual studio 2012\projects\graphicstools\graphicstools\matrixmakers.cpp(23): warning C4244: 'argument' : conversion from 'double' to 'float', possible loss of data
     1>c:\users\ora\documents\visual studio 2012\projects\graphicstools\graphicstools\matrixmakers.cpp(35): warning C4244: 'argument' : conversion from 'double' to 'float', possible loss of data
     1>c:\users\ora\documents\visual studio 2012\projects\graphicstools\graphicstools\matrixmakers.cpp(36): warning C4244: 'argument' : conversion from 'double' to 'float', possible loss of data
     1>c:\users\ora\documents\visual studio 2012\projects\graphicstools\graphicstools\matrixmakers.cpp(37): warning C4244: 'argument' : conversion from 'double' to 'float', possible loss of data
     1>c:\users\ora\documents\visual studio 2012\projects\graphicstools\graphicstools\matrixmakers.cpp(44): warning C4244: 'initializing' : conversion from 'double' to 'float', possible loss of data
     1>c:\users\ora\documents\visual studio 2012\projects\graphicstools\graphicstools\matrixmakers.cpp(45): warning C4244: 'initializing' : conversion from 'double' to 'float', possible loss of data
     1>c:\users\ora\documents\visual studio 2012\projects\graphicstools\graphicstools\matrixmakers.cpp(46): warning C4244: 'initializing' : conversion from 'double' to 'float', possible loss of data
     1>c:\users\ora\documents\visual studio 2012\projects\graphicstools\graphicstools\matrixmakers.cpp(47): warning C4244: 'initializing' : conversion from 'double' to 'float', possible loss of data
       Link:
         C:\Program Files (x86)\Microsoft Visual Studio 11.0\VC\bin\link.exe /ERRORREPORT:PROMPT /OUT:"c:\users\ora\documents\visual studio 2012\Projects\GraphicsTools\Debug\GraphicsTools.exe" /INCREMENTAL /NOLOGO kernel32.lib user32.lib gdi32.lib winspool.lib comdlg32.lib advapi32.lib shell32.lib ole32.lib oleaut32.lib uuid.lib odbc32.lib odbccp32.lib /MANIFEST /MANIFESTUAC:"level='asInvoker' uiAccess='false'" /manifest:embed /DEBUG /PDB:"c:\users\ora\documents\visual studio 2012\Projects\GraphicsTools\Debug\GraphicsTools.pdb" /SUBSYSTEM:CONSOLE /TLBID:1 /DYNAMICBASE /NXCOMPAT /IMPLIB:"c:\users\ora\documents\visual studio 2012\Projects\GraphicsTools\Debug\GraphicsTools.lib" /MACHINE:X86 Debug\GraphicsTools.obj
         Debug\Matrix.obj
         Debug\MatrixMakers.obj
         Debug\stdafx.obj
         Debug\Vector.obj
         GraphicsTools.vcxproj -> c:\users\ora\documents\visual studio 2012\Projects\GraphicsTools\Debug\GraphicsTools.exe
     1>Done Building Project "c:\Users\ora\documents\visual studio 2012\Projects\GraphicsTools\GraphicsTools\GraphicsTools.vcxproj" (Build target(s)).

Build succeeded.

Time Elapsed 00:00:00.54
